2025-01-28 10:10:26,037 User_Manager INFO Program started
2025-01-28 10:10:26,037 root DEBUG Initiated new user manager
2025-01-28 10:10:26,037 root DEBUG Added new user
2025-01-28 10:10:26,037 root DEBUG Appended a new user to UserManager
2025-01-28 10:10:26,037 root DEBUG Added new user
2025-01-28 10:10:26,037 root DEBUG Appended a new user to UserManager
2025-01-28 10:10:26,037 root DEBUG Added new user
2025-01-28 10:10:26,037 root DEBUG Appended a new user to UserManager
2025-01-28 10:10:26,037 root DEBUG Added new user
2025-01-28 10:10:26,037 root DEBUG Appended a new user to UserManager
2025-01-28 10:10:26,037 root DEBUG Deleted user noob from manager
2025-01-28 10:30:03,320 User_Manager INFO Program started
2025-01-28 10:30:03,321 root DEBUG Initiated new user manager
2025-01-28 10:30:03,321 root DEBUG Added new user
2025-01-28 10:30:03,321 root DEBUG Appended a new user to UserManager
2025-01-28 10:30:03,321 root DEBUG Added new user
2025-01-28 10:30:03,321 root DEBUG Appended a new user to UserManager
2025-01-28 10:30:03,321 root DEBUG Added new user
2025-01-28 10:30:03,321 root DEBUG Appended a new user to UserManager
2025-01-28 10:30:03,321 root DEBUG Added new user
2025-01-28 10:30:03,321 root DEBUG Appended a new user to UserManager
2025-01-28 10:30:03,321 root DEBUG Deleted user noob from manager
